<?xml version="1.0" encoding="UTF-8"?>
<testng-results ignored="0" total="1" passed="1" failed="0" skipped="0">
  <reporter-output>
  </reporter-output>
  <suite started-at="2024-09-06T15:15:39 IST" name="Default suite" finished-at="2024-09-06T15:16:30 IST" duration-ms="51165">
    <groups>
    </groups>
    <test started-at="2024-09-06T15:15:39 IST" name="Default test" finished-at="2024-09-06T15:16:30 IST" duration-ms="51165">
      <class name="com.ShopperStack_testScript.TC_002_verify_user_is_able_to_delete_Adress_or_not_Test">
        <test-method is-config="true" signature="beforesuite()[pri:0, instance:com.ShopperStack_testScript.TC_002_verify_user_is_able_to_delete_Adress_or_not_Test@6771beb3]" started-at="2024-09-06T15:15:39 IST" name="beforesuite" finished-at="2024-09-06T15:15:39 IST" duration-ms="9" status="PASS">
          <reporter-output>
          </reporter-output>
        </test-method> <!-- beforesuite -->
        <test-method is-config="true" signature="beforeTest()[pri:0, instance:com.ShopperStack_testScript.TC_002_verify_user_is_able_to_delete_Adress_or_not_Test@6771beb3]" started-at="2024-09-06T15:15:39 IST" name="beforeTest" finished-at="2024-09-06T15:15:40 IST" duration-ms="208" status="PASS">
          <reporter-output>
          </reporter-output>
        </test-method> <!-- beforeTest -->
        <test-method is-config="true" signature="beforeClass()[pri:0, instance:com.ShopperStack_testScript.TC_002_verify_user_is_able_to_delete_Adress_or_not_Test@6771beb3]" started-at="2024-09-06T15:15:40 IST" name="beforeClass" finished-at="2024-09-06T15:15:45 IST" duration-ms="5083" status="PASS">
          <reporter-output>
          </reporter-output>
        </test-method> <!-- beforeClass -->
        <test-method is-config="true" signature="beforeMethod()[pri:0, instance:com.ShopperStack_testScript.TC_002_verify_user_is_able_to_delete_Adress_or_not_Test@6771beb3]" started-at="2024-09-06T15:15:45 IST" name="beforeMethod" finished-at="2024-09-06T15:16:09 IST" duration-ms="24496" status="PASS">
          <reporter-output>
          </reporter-output>
        </test-method> <!-- beforeMethod -->
        <test-method signature="deleteAddress()[pri:0, instance:com.ShopperStack_testScript.TC_002_verify_user_is_able_to_delete_Adress_or_not_Test@6771beb3]" started-at="2024-09-06T15:16:09 IST" name="deleteAddress" finished-at="2024-09-06T15:16:23 IST" duration-ms="14131" status="PASS">
          <reporter-output>
          </reporter-output>
        </test-method> <!-- deleteAddress -->
        <test-method is-config="true" signature="afterMethod()[pri:0, instance:com.ShopperStack_testScript.TC_002_verify_user_is_able_to_delete_Adress_or_not_Test@6771beb3]" started-at="2024-09-06T15:16:23 IST" name="afterMethod" finished-at="2024-09-06T15:16:27 IST" duration-ms="3341" status="PASS">
          <reporter-output>
          </reporter-output>
        </test-method> <!-- afterMethod -->
        <test-method is-config="true" signature="afterClass()[pri:0, instance:com.ShopperStack_testScript.TC_002_verify_user_is_able_to_delete_Adress_or_not_Test@6771beb3]" started-at="2024-09-06T15:16:27 IST" name="afterClass" finished-at="2024-09-06T15:16:30 IST" duration-ms="3306" status="PASS">
          <reporter-output>
          </reporter-output>
        </test-method> <!-- afterClass -->
        <test-method is-config="true" signature="afterTest()[pri:0, instance:com.ShopperStack_testScript.TC_002_verify_user_is_able_to_delete_Adress_or_not_Test@6771beb3]" started-at="2024-09-06T15:16:30 IST" name="afterTest" finished-at="2024-09-06T15:16:30 IST" duration-ms="549" status="PASS">
          <reporter-output>
          </reporter-output>
        </test-method> <!-- afterTest -->
      </class> <!-- com.ShopperStack_testScript.TC_002_verify_user_is_able_to_delete_Adress_or_not_Test -->
    </test> <!-- Default test -->
  </suite> <!-- Default suite -->
</testng-results>
